<?xml version="1.0" encoding="UTF-8"?>
<testsuite name="com.boot.skaffold.BootifulSkaffoldApplicationTests" tests="1" skipped="0" failures="0" errors="0" timestamp="2020-03-25T06:50:48" hostname="INENROYN2L5C" time="0.526">
  <properties/>
  <testcase name="contextLoads()" classname="com.boot.skaffold.BootifulSkaffoldApplicationTests" time="0.526"/>
  <system-out><![CDATA[12:20:46.149 [Test worker] DEBUG org.springframework.test.context.BootstrapUtils - Instantiating CacheAwareContextLoaderDelegate from class [org.springframework.test.context.cache.DefaultCacheAwareContextLoaderDelegate]
12:20:46.166 [Test worker] DEBUG org.springframework.test.context.BootstrapUtils - Instantiating BootstrapContext using constructor [public org.springframework.test.context.support.DefaultBootstrapContext(java.lang.Class,org.springframework.test.context.CacheAwareContextLoaderDelegate)]
12:20:46.197 [Test worker] DEBUG org.springframework.test.context.BootstrapUtils - Instantiating TestContextBootstrapper for test class [com.boot.skaffold.BootifulSkaffoldApplicationTests] from class [org.springframework.boot.test.context.SpringBootTestContextBootstrapper]
12:20:46.218 [Test worker] INFO org.springframework.boot.test.context.SpringBootTestContextBootstrapper - Neither @ContextConfiguration nor @ContextHierarchy found for test class [com.boot.skaffold.BootifulSkaffoldApplicationTests], using SpringBootContextLoader
12:20:46.223 [Test worker] DEBUG org.springframework.test.context.support.AbstractContextLoader - Did not detect default resource location for test class [com.boot.skaffold.BootifulSkaffoldApplicationTests]: class path resource [com/boot/skaffold/BootifulSkaffoldApplicationTests-context.xml] does not exist
12:20:46.224 [Test worker] DEBUG org.springframework.test.context.support.AbstractContextLoader - Did not detect default resource location for test class [com.boot.skaffold.BootifulSkaffoldApplicationTests]: class path resource [com/boot/skaffold/BootifulSkaffoldApplicationTestsContext.groovy] does not exist
12:20:46.224 [Test worker] INFO org.springframework.test.context.support.AbstractContextLoader - Could not detect default resource locations for test class [com.boot.skaffold.BootifulSkaffoldApplicationTests]: no resource found for suffixes {-context.xml, Context.groovy}.
12:20:46.226 [Test worker] INFO org.springframework.test.context.support.AnnotationConfigContextLoaderUtils - Could not detect default configuration classes for test class [com.boot.skaffold.BootifulSkaffoldApplicationTests]: BootifulSkaffoldApplicationTests does not declare any static, non-private, non-final, nested classes annotated with @Configuration.
12:20:46.279 [Test worker] DEBUG org.springframework.test.context.support.ActiveProfilesUtils - Could not find an 'annotation declaring class' for annotation type [org.springframework.test.context.ActiveProfiles] and class [com.boot.skaffold.BootifulSkaffoldApplicationTests]
12:20:46.361 [Test worker] DEBUG org.springframework.context.annotation.ClassPathScanningCandidateComponentProvider - Identified candidate component class: file [C:\work\bootiful-skaffold\build\classes\java\main\com\boot\skaffold\BootifulSkaffoldApplication.class]
12:20:46.363 [Test worker] INFO org.springframework.boot.test.context.SpringBootTestContextBootstrapper - Found @SpringBootConfiguration com.boot.skaffold.BootifulSkaffoldApplication for test class com.boot.skaffold.BootifulSkaffoldApplicationTests
12:20:46.495 [Test worker] DEBUG org.springframework.boot.test.context.SpringBootTestContextBootstrapper - @TestExecutionListeners is not present for class [com.boot.skaffold.BootifulSkaffoldApplicationTests]: using defaults.
12:20:46.496 [Test worker] INFO org.springframework.boot.test.context.SpringBootTestContextBootstrapper - Loaded default TestExecutionListener class names from location [META-INF/spring.factories]: [org.springframework.boot.test.autoconfigure.restdocs.RestDocsTestExecutionListener, org.springframework.boot.test.autoconfigure.web.client.MockRestServiceServerResetTestExecutionListener, org.springframework.boot.test.autoconfigure.web.servlet.MockMvcPrintOnlyOnFailureTestExecutionListener, org.springframework.boot.test.autoconfigure.web.servlet.WebDriverTestExecutionListener, org.springframework.boot.test.mock.mockito.MockitoTestExecutionListener, org.springframework.boot.test.mock.mockito.ResetMocksTestExecutionListener, org.springframework.test.context.web.ServletTestExecutionListener, org.springframework.test.context.support.DirtiesContextBeforeModesTestExecutionListener, org.springframework.test.context.support.DependencyInjectionTestExecutionListener, org.springframework.test.context.support.DirtiesContextTestExecutionListener, org.springframework.test.context.transaction.TransactionalTestExecutionListener, org.springframework.test.context.jdbc.SqlScriptsTestExecutionListener, org.springframework.test.context.event.EventPublishingTestExecutionListener]
12:20:46.514 [Test worker] DEBUG org.springframework.boot.test.context.SpringBootTestContextBootstrapper - Skipping candidate TestExecutionListener [org.springframework.test.context.transaction.TransactionalTestExecutionListener] due to a missing dependency. Specify custom listener classes or make the default listener classes and their required dependencies available. Offending class: [org/springframework/transaction/interceptor/TransactionAttributeSource]
12:20:46.515 [Test worker] DEBUG org.springframework.boot.test.context.SpringBootTestContextBootstrapper - Skipping candidate TestExecutionListener [org.springframework.test.context.jdbc.SqlScriptsTestExecutionListener] due to a missing dependency. Specify custom listener classes or make the default listener classes and their required dependencies available. Offending class: [org/springframework/transaction/interceptor/TransactionAttribute]
12:20:46.516 [Test worker] INFO org.springframework.boot.test.context.SpringBootTestContextBootstrapper - Using TestExecutionListeners: [org.springframework.test.context.web.ServletTestExecutionListener@7aa62a10, org.springframework.test.context.support.DirtiesContextBeforeModesTestExecutionListener@43075be1, org.springframework.boot.test.mock.mockito.MockitoTestExecutionListener@bb5d689, org.springframework.boot.test.autoconfigure.SpringBootDependencyInjectionTestExecutionListener@4f8a7f44, org.springframework.test.context.support.DirtiesContextTestExecutionListener@4b73a0f, org.springframework.test.context.event.EventPublishingTestExecutionListener@7d96b12b, org.springframework.boot.test.autoconfigure.restdocs.RestDocsTestExecutionListener@58b2318e, org.springframework.boot.test.autoconfigure.web.client.MockRestServiceServerResetTestExecutionListener@445e0583, org.springframework.boot.test.autoconfigure.web.servlet.MockMvcPrintOnlyOnFailureTestExecutionListener@79842845, org.springframework.boot.test.autoconfigure.web.servlet.WebDriverTestExecutionListener@31d3c1b7, org.springframework.boot.test.mock.mockito.ResetMocksTestExecutionListener@78a4a842]
12:20:46.521 [Test worker] DEBUG org.springframework.test.context.support.AbstractDirtiesContextTestExecutionListener - Before test class: context [DefaultTestContext@118ee3b1 testClass = BootifulSkaffoldApplicationTests, testInstance = [null], testMethod = [null], testException = [null], mergedContextConfiguration = [WebMergedContextConfiguration@6461ab75 testClass = BootifulSkaffoldApplicationTests, locations = '{}', classes = '{class com.boot.skaffold.BootifulSkaffoldApplication}', contextInitializerClasses = '[]', activeProfiles = '{}', propertySourceLocations = '{}', propertySourceProperties = '{org.springframework.boot.test.context.SpringBootTestContextBootstrapper=true}', contextCustomizers = set[org.springframework.boot.test.autoconfigure.properties.PropertyMappingContextCustomizer@0, org.springframework.boot.test.autoconfigure.web.servlet.WebDriverContextCustomizerFactory$Customizer@38199e87, org.springframework.boot.test.context.filter.ExcludeFilterContextCustomizer@15f2cc4b, org.springframework.boot.test.json.DuplicateJsonObjectContextCustomizerFactory$DuplicateJsonObjectContextCustomizer@332260a1, org.springframework.boot.test.mock.mockito.MockitoContextCustomizer@0, org.springframework.boot.test.web.client.TestRestTemplateContextCustomizer@36a95ecc], resourceBasePath = 'src/main/webapp', contextLoader = 'org.springframework.boot.test.context.SpringBootContextLoader', parent = [null]], attributes = map['org.springframework.test.context.web.ServletTestExecutionListener.activateListener' -> true]], class annotated with @DirtiesContext [false] with mode [null].
12:20:46.559 [Test worker] DEBUG org.springframework.test.context.support.TestPropertySourceUtils - Adding inlined properties to environment: {spring.jmx.enabled=false, org.springframework.boot.test.context.SpringBootTestContextBootstrapper=true, server.port=-1}

  .   ____          _            __ _ _
 /\\ / ___'_ __ _ _(_)_ __  __ _ \ \ \ \
( ( )\___ | '_ | '_| | '_ \/ _` | \ \ \ \
 \\/  ___)| |_)| | | | | || (_| |  ) ) ) )
  '  |____| .__|_| |_|_| |_\__, | / / / /
 =========|_|==============|___/=/_/_/_/
 :: Spring Boot ::        (v2.2.4.RELEASE)

2020-03-25 12:20:46.917  INFO 23676 --- [    Test worker] c.b.s.BootifulSkaffoldApplicationTests   : Starting BootifulSkaffoldApplicationTests on INENROYN2L5C with PID 23676 (started by royn2 in C:\work\bootiful-skaffold)
2020-03-25 12:20:46.918  INFO 23676 --- [    Test worker] c.b.s.BootifulSkaffoldApplicationTests   : No active profile set, falling back to default profiles: default
2020-03-25 12:20:48.259  INFO 23676 --- [    Test worker] o.s.s.concurrent.ThreadPoolTaskExecutor  : Initializing ExecutorService 'applicationTaskExecutor'
2020-03-25 12:20:48.558  INFO 23676 --- [    Test worker] c.b.s.BootifulSkaffoldApplicationTests   : Started BootifulSkaffoldApplicationTests in 1.986 seconds (JVM running for 4.944)
]]></system-out>
  <system-err><![CDATA[]]></system-err>
</testsuite>
